<?xml version="1.0" encoding="UTF-8"?>
<robot generator="Robot 6.1 (Python 3.9.7 on linux)" generated="20230918 11:18:06.048" rpa="false" schemaversion="4">
<suite id="s1" name="myTest2" source="/tmp/myTest2.robot">
<test id="s1-t1" name="Hello World TestLog To Console" line="4">
<kw name="Hello, World!">
<msg timestamp="20230918 11:18:06.080" level="FAIL">No keyword with name 'Hello, World!' found.</msg>
<status status="FAIL" starttime="20230918 11:18:06.080" endtime="20230918 11:18:06.080"/>
</kw>
<status status="FAIL" starttime="20230918 11:18:06.077" endtime="20230918 11:18:06.080">No keyword with name 'Hello, World!' found.</status>
</test>
<status status="FAIL" starttime="20230918 11:18:06.049" endtime="20230918 11:18:06.081"/>
</suite>
<statistics>
<total>
<stat pass="0" fail="1" skip="0">All Tests</stat>
</total>
<tag>
</tag>
<suite>
<stat pass="0" fail="1" skip="0" id="s1" name="myTest2">myTest2</stat>
</suite>
</statistics>
<errors>
</errors>
</robot>
