<?xml version="1.0" encoding="UTF-8"?>
<robot generator="Robot 6.1.1 (Python 3.9.12 on linux)" generated="20230918 13:48:21.104" rpa="false" schemaversion="4">
<suite id="s1" name="New Test" source="/tmp/jobs/new_test.robot">
<test id="s1-t1" name="Hello World Test" line="5">
<kw name="Log To Console" library="BuiltIn">
<arg>Hello, World!</arg>
<doc>Logs the given message to the console.</doc>
<status status="PASS" starttime="20230918 13:48:21.130" endtime="20230918 13:48:21.130"/>
</kw>
<status status="PASS" starttime="20230918 13:48:21.129" endtime="20230918 13:48:21.130"/>
</test>
<status status="PASS" starttime="20230918 13:48:21.105" endtime="20230918 13:48:21.130"/>
</suite>
<statistics>
<total>
<stat pass="1" fail="0" skip="0">All Tests</stat>
</total>
<tag>
</tag>
<suite>
<stat pass="1" fail="0" skip="0" id="s1" name="New Test">New Test</stat>
</suite>
</statistics>
<errors>
</errors>
</robot>
